INFO 2022-07-12 13:16:31,761 - Training RawNet model; init=0.1, hid=20, lr=0.01, epochs=20000
INFO 2022-07-12 13:16:31,870 - ep:  100 loss: 0.3369 acc: 58.00
INFO 2022-07-12 13:16:31,969 - ep:  200 loss: 0.0494 acc: 61.00
INFO 2022-07-12 13:16:32,066 - ep:  300 loss: 0.0158 acc: 60.00
INFO 2022-07-12 13:16:32,162 - ep:  400 loss: 0.0068 acc: 58.00
INFO 2022-07-12 13:16:32,259 - ep:  500 loss: 0.0034 acc: 64.00
INFO 2022-07-12 13:16:32,355 - ep:  600 loss: 0.0027 acc: 67.00
INFO 2022-07-12 13:16:32,451 - ep:  700 loss: 0.0022 acc: 64.00
INFO 2022-07-12 13:16:32,549 - ep:  800 loss: 0.0018 acc: 74.00
INFO 2022-07-12 13:16:32,646 - ep:  900 loss: 0.0019 acc: 69.50
INFO 2022-07-12 13:16:32,743 - ep: 1000 loss: 0.0020 acc: 74.50
INFO 2022-07-12 13:16:32,839 - ep: 1100 loss: 0.0017 acc: 77.00
INFO 2022-07-12 13:16:32,936 - ep: 1200 loss: 0.0015 acc: 79.00
INFO 2022-07-12 13:16:33,034 - ep: 1300 loss: 0.0013 acc: 79.00
INFO 2022-07-12 13:16:33,130 - ep: 1400 loss: 0.0013 acc: 82.00
INFO 2022-07-12 13:16:33,225 - ep: 1500 loss: 0.0010 acc: 86.00
INFO 2022-07-12 13:16:33,335 - ep: 1600 loss: 0.0007 acc: 88.50
INFO 2022-07-12 13:16:33,430 - ep: 1700 loss: 0.0006 acc: 91.00
INFO 2022-07-12 13:16:33,526 - ep: 1800 loss: 0.0007 acc: 92.50
INFO 2022-07-12 13:16:33,622 - ep: 1900 loss: 0.0006 acc: 93.50
INFO 2022-07-12 13:16:33,718 - ep: 2000 loss: 0.0006 acc: 94.50
INFO 2022-07-12 13:16:33,814 - ep: 2100 loss: 0.0001 acc: 94.50
INFO 2022-07-12 13:16:33,910 - ep: 2200 loss: 0.0001 acc: 95.50
INFO 2022-07-12 13:16:34,005 - ep: 2300 loss: 0.0001 acc: 96.00
INFO 2022-07-12 13:16:34,101 - ep: 2400 loss: 0.0001 acc: 97.00
INFO 2022-07-12 13:16:34,196 - ep: 2500 loss: 0.0002 acc: 96.50
INFO 2022-07-12 13:16:34,292 - ep: 2600 loss: 0.0003 acc: 96.50
INFO 2022-07-12 13:16:34,388 - ep: 2700 loss: 0.0003 acc: 96.50
INFO 2022-07-12 13:16:34,484 - ep: 2800 loss: 0.0004 acc: 97.00
INFO 2022-07-12 13:16:34,580 - ep: 2900 loss: 0.0004 acc: 97.00
INFO 2022-07-12 13:16:34,676 - ep: 3000 loss: 0.0005 acc: 97.00
INFO 2022-07-12 13:16:34,772 - ep: 3100 loss: 0.0006 acc: 96.50
INFO 2022-07-12 13:16:34,868 - ep: 3200 loss: 0.0006 acc: 97.00
INFO 2022-07-12 13:16:34,965 - ep: 3300 loss: 0.0006 acc: 97.00
INFO 2022-07-12 13:16:35,061 - ep: 3400 loss: 0.0001 acc: 84.50
INFO 2022-07-12 13:16:35,157 - ep: 3500 loss: 0.0001 acc: 97.50
INFO 2022-07-12 13:16:35,253 - ep: 3600 loss: 0.0001 acc: 98.00
INFO 2022-07-12 13:16:35,350 - ep: 3700 loss: 0.0002 acc: 99.50
INFO 2022-07-12 13:16:35,445 - ep: 3800 loss: 0.0003 acc: 100.00
INFO 2022-07-12 13:16:35,445 - RawNet trained with 100.0% accuracy after 3800 epochs in 3.68 seconds
INFO 2022-07-12 13:16:46,174 - Saved images/raw_1_20.gif
INFO 2022-07-12 13:16:56,945 - Saved images/raw_2_20.gif
INFO 2022-07-12 13:16:57,484 - Saved images/raw_out.png
INFO 2022-07-13 12:07:43,276 - Training RawNet model; init=0.1, hid=20, lr=0.01, epochs=20000
INFO 2022-07-13 12:07:43,392 - ep:  100 loss: 0.3369 acc: 58.00
INFO 2022-07-13 12:07:43,498 - ep:  200 loss: 0.0494 acc: 61.00
INFO 2022-07-13 12:07:43,605 - ep:  300 loss: 0.0158 acc: 60.00
INFO 2022-07-13 12:07:43,711 - ep:  400 loss: 0.0068 acc: 58.00
INFO 2022-07-13 12:07:43,818 - ep:  500 loss: 0.0034 acc: 64.00
INFO 2022-07-13 12:07:43,924 - ep:  600 loss: 0.0027 acc: 67.00
INFO 2022-07-13 12:07:44,030 - ep:  700 loss: 0.0022 acc: 64.00
INFO 2022-07-13 12:07:44,137 - ep:  800 loss: 0.0018 acc: 74.00
INFO 2022-07-13 12:07:44,243 - ep:  900 loss: 0.0019 acc: 69.50
INFO 2022-07-13 12:07:44,349 - ep: 1000 loss: 0.0020 acc: 74.50
INFO 2022-07-13 12:07:44,456 - ep: 1100 loss: 0.0017 acc: 77.00
INFO 2022-07-13 12:07:44,562 - ep: 1200 loss: 0.0015 acc: 79.00
INFO 2022-07-13 12:07:44,668 - ep: 1300 loss: 0.0013 acc: 79.00
INFO 2022-07-13 12:07:44,775 - ep: 1400 loss: 0.0013 acc: 82.00
INFO 2022-07-13 12:07:44,881 - ep: 1500 loss: 0.0010 acc: 86.00
INFO 2022-07-13 12:07:44,987 - ep: 1600 loss: 0.0007 acc: 88.50
INFO 2022-07-13 12:07:45,093 - ep: 1700 loss: 0.0006 acc: 91.00
INFO 2022-07-13 12:07:45,199 - ep: 1800 loss: 0.0007 acc: 92.50
INFO 2022-07-13 12:07:45,305 - ep: 1900 loss: 0.0006 acc: 93.50
INFO 2022-07-13 12:07:45,412 - ep: 2000 loss: 0.0006 acc: 94.50
INFO 2022-07-13 12:07:45,518 - ep: 2100 loss: 0.0001 acc: 94.50
INFO 2022-07-13 12:07:45,624 - ep: 2200 loss: 0.0001 acc: 95.50
INFO 2022-07-13 12:07:45,730 - ep: 2300 loss: 0.0001 acc: 96.00
INFO 2022-07-13 12:07:45,836 - ep: 2400 loss: 0.0001 acc: 97.00
INFO 2022-07-13 12:07:45,942 - ep: 2500 loss: 0.0002 acc: 96.50
INFO 2022-07-13 12:07:46,048 - ep: 2600 loss: 0.0003 acc: 96.50
INFO 2022-07-13 12:07:46,154 - ep: 2700 loss: 0.0003 acc: 96.50
INFO 2022-07-13 12:07:46,260 - ep: 2800 loss: 0.0004 acc: 97.00
INFO 2022-07-13 12:07:46,366 - ep: 2900 loss: 0.0004 acc: 97.00
INFO 2022-07-13 12:07:46,472 - ep: 3000 loss: 0.0005 acc: 97.00
INFO 2022-07-13 12:07:46,578 - ep: 3100 loss: 0.0006 acc: 96.50
INFO 2022-07-13 12:07:46,684 - ep: 3200 loss: 0.0006 acc: 97.00
INFO 2022-07-13 12:07:46,790 - ep: 3300 loss: 0.0006 acc: 97.00
INFO 2022-07-13 12:07:46,896 - ep: 3400 loss: 0.0001 acc: 84.50
INFO 2022-07-13 12:07:47,002 - ep: 3500 loss: 0.0001 acc: 97.50
INFO 2022-07-13 12:07:47,108 - ep: 3600 loss: 0.0001 acc: 98.00
INFO 2022-07-13 12:07:47,214 - ep: 3700 loss: 0.0002 acc: 99.50
INFO 2022-07-13 12:07:47,320 - ep: 3800 loss: 0.0003 acc: 100.00
INFO 2022-07-13 12:07:47,320 - RawNet trained with 100.0% accuracy after 3800 epochs in 4.04 seconds
INFO 2022-07-13 12:07:58,170 - Saved images/raw_1_20.gif
INFO 2022-07-13 12:08:09,019 - Saved images/raw_2_20.gif
INFO 2022-07-13 12:08:09,579 - Saved images/raw_out.png
